  [1m[36m (14.9ms)[0m  [1mCREATE TABLE "schema_migrations" ("version" varchar NOT NULL) [0m
  [1m[35m (0.1ms)[0m  select sqlite_version(*)
  [1m[36m (12.3ms)[0m  [1mCREATE UNIQUE INDEX "unique_schema_migrations" ON "schema_migrations" ("version")[0m
  [1m[35mActiveRecord::SchemaMigration Load (0.1ms)[0m  SELECT "schema_migrations".* FROM "schema_migrations"
Migrating to DeviseCreateUsers (20160823014203)
  [1m[36m (0.1ms)[0m  [1mbegin transaction[0m
  [1m[35m (0.5ms)[0m  CREATE TABLE "users" ("id" INTEGER PRIMARY KEY AUTOINCREMENT NOT NULL, "email" varchar DEFAULT '' NOT NULL, "encrypted_password" varchar DEFAULT '' NOT NULL, "reset_password_token" varchar, "reset_password_sent_at" datetime, "remember_created_at" datetime, "sign_in_count" integer DEFAULT 0 NOT NULL, "current_sign_in_at" datetime, "last_sign_in_at" datetime, "current_sign_in_ip" varchar, "last_sign_in_ip" varchar, "created_at" datetime NOT NULL, "updated_at" datetime NOT NULL) 
  [1m[36m (0.3ms)[0m  [1mCREATE UNIQUE INDEX "index_users_on_email" ON "users" ("email")[0m
  [1m[35m (0.1ms)[0m              SELECT sql
            FROM sqlite_master
            WHERE name='index_users_on_email' AND type='index'
            UNION ALL
            SELECT sql
            FROM sqlite_temp_master
            WHERE name='index_users_on_email' AND type='index'

  [1m[36m (0.2ms)[0m  [1mCREATE UNIQUE INDEX "index_users_on_reset_password_token" ON "users" ("reset_password_token")[0m
  [1m[35mSQL (0.1ms)[0m  INSERT INTO "schema_migrations" ("version") VALUES (?)  [["version", "20160823014203"]]
  [1m[36m (12.3ms)[0m  [1mcommit transaction[0m
Migrating to AddColumnsToUsers (20160823014742)
  [1m[35m (0.1ms)[0m  begin transaction
  [1m[36m (0.4ms)[0m  [1mALTER TABLE "users" ADD "first_name" varchar[0m
  [1m[35m (0.2ms)[0m  ALTER TABLE "users" ADD "last_name" varchar
  [1m[36m (0.2ms)[0m  [1mALTER TABLE "users" ADD "username" varchar[0m
  [1m[35m (0.2ms)[0m  ALTER TABLE "users" ADD "provider" varchar
  [1m[36m (0.2ms)[0m  [1mALTER TABLE "users" ADD "uid" varchar[0m
  [1m[35mSQL (0.1ms)[0m  INSERT INTO "schema_migrations" ("version") VALUES (?)  [["version", "20160823014742"]]
  [1m[36m (12.0ms)[0m  [1mcommit transaction[0m
Migrating to CreateEvents (20160823015114)
  [1m[35m (0.1ms)[0m  begin transaction
  [1m[36m (0.3ms)[0m  [1mCREATE TABLE "events" ("id" INTEGER PRIMARY KEY AUTOINCREMENT NOT NULL, "name" varchar, "description" text, "user_id" integer, "created_at" datetime NOT NULL, "updated_at" datetime NOT NULL) [0m
  [1m[35mSQL (0.1ms)[0m  INSERT INTO "schema_migrations" ("version") VALUES (?)  [["version", "20160823015114"]]
  [1m[36m (10.0ms)[0m  [1mcommit transaction[0m
Migrating to CreateComments (20160823015648)
  [1m[35m (0.1ms)[0m  begin transaction
  [1m[36m (0.3ms)[0m  [1mCREATE TABLE "comments" ("id" INTEGER PRIMARY KEY AUTOINCREMENT NOT NULL, "content" text, "user_id" integer, "event_id" integer, "created_at" datetime NOT NULL, "updated_at" datetime NOT NULL) [0m
  [1m[35mSQL (0.1ms)[0m  INSERT INTO "schema_migrations" ("version") VALUES (?)  [["version", "20160823015648"]]
  [1m[36m (11.2ms)[0m  [1mcommit transaction[0m
Migrating to CreateFields (20160823022637)
  [1m[35m (0.1ms)[0m  begin transaction
  [1m[36m (0.6ms)[0m  [1mCREATE TABLE "fields" ("id" INTEGER PRIMARY KEY AUTOINCREMENT NOT NULL, "name" varchar, "address" varchar, "city" varchar, "state" varchar, "created_at" datetime NOT NULL, "updated_at" datetime NOT NULL) [0m
  [1m[35mSQL (0.2ms)[0m  INSERT INTO "schema_migrations" ("version") VALUES (?)  [["version", "20160823022637"]]
  [1m[36m (14.1ms)[0m  [1mcommit transaction[0m
  [1m[35mActiveRecord::SchemaMigration Load (0.2ms)[0m  SELECT "schema_migrations".* FROM "schema_migrations"
  [1m[36m (0.1ms)[0m  [1m            SELECT sql
            FROM sqlite_master
            WHERE name='index_users_on_reset_password_token' AND type='index'
            UNION ALL
            SELECT sql
            FROM sqlite_temp_master
            WHERE name='index_users_on_reset_password_token' AND type='index'
[0m
  [1m[35m (0.1ms)[0m              SELECT sql
            FROM sqlite_master
            WHERE name='index_users_on_email' AND type='index'
            UNION ALL
            SELECT sql
            FROM sqlite_temp_master
            WHERE name='index_users_on_email' AND type='index'



Started GET "/" for 127.0.0.1 at 2016-08-22 21:54:12 -0500
  [1m[36mActiveRecord::SchemaMigration Load (0.1ms)[0m  [1mSELECT "schema_migrations".* FROM "schema_migrations"[0m
Processing by WelcomeController#home as HTML
  Rendered welcome/home.html.erb within layouts/application (1.8ms)
Completed 200 OK in 671ms (Views: 662.0ms | ActiveRecord: 0.0ms)


Started GET "/assets/comments.self-e3b0c44298fc1c149afbf4c8996fb92427ae41e4649b934ca495991b7852b855.css?body=1" for 127.0.0.1 at 2016-08-22 21:54:12 -0500


Started GET "/assets/events.self-e3b0c44298fc1c149afbf4c8996fb92427ae41e4649b934ca495991b7852b855.css?body=1" for 127.0.0.1 at 2016-08-22 21:54:12 -0500


Started GET "/assets/welcome.self-e3b0c44298fc1c149afbf4c8996fb92427ae41e4649b934ca495991b7852b855.css?body=1" for 127.0.0.1 at 2016-08-22 21:54:12 -0500


Started GET "/assets/fields.self-e3b0c44298fc1c149afbf4c8996fb92427ae41e4649b934ca495991b7852b855.css?body=1" for 127.0.0.1 at 2016-08-22 21:54:12 -0500


Started GET "/assets/application.self-e80e8f2318043e8af94dddc2adad5a4f09739a8ebb323b3ab31cd71d45fd9113.css?body=1" for 127.0.0.1 at 2016-08-22 21:54:12 -0500


Started GET "/assets/jquery.self-bd7ddd393353a8d2480a622e80342adf488fb6006d667e8b42e4c0073393abee.js?body=1" for 127.0.0.1 at 2016-08-22 21:54:12 -0500


Started GET "/assets/turbolinks.self-c5acd7a204f5f25ce7a1d8a0e4d92e28d34c9e2df2c7371cd7af88e147e4ad82.js?body=1" for 127.0.0.1 at 2016-08-22 21:54:12 -0500


Started GET "/assets/jquery_ujs.self-784a997f6726036b1993eb2217c9cb558e1cbb801c6da88105588c56f13b466a.js?body=1" for 127.0.0.1 at 2016-08-22 21:54:12 -0500


Started GET "/assets/comments.self-877aef30ae1b040ab8a3aba4e3e309a11d7f2612f44dde450b5c157aa5f95c05.js?body=1" for 127.0.0.1 at 2016-08-22 21:54:12 -0500


Started GET "/assets/events.self-877aef30ae1b040ab8a3aba4e3e309a11d7f2612f44dde450b5c157aa5f95c05.js?body=1" for 127.0.0.1 at 2016-08-22 21:54:12 -0500


Started GET "/assets/fields.self-877aef30ae1b040ab8a3aba4e3e309a11d7f2612f44dde450b5c157aa5f95c05.js?body=1" for 127.0.0.1 at 2016-08-22 21:54:12 -0500


Started GET "/assets/application.self-3b8dabdc891efe46b9a144b400ad69e37d7e5876bdc39dee783419a69d7ca819.js?body=1" for 127.0.0.1 at 2016-08-22 21:54:12 -0500


Started GET "/assets/welcome.self-877aef30ae1b040ab8a3aba4e3e309a11d7f2612f44dde450b5c157aa5f95c05.js?body=1" for 127.0.0.1 at 2016-08-22 21:54:13 -0500
  [1m[36mActiveRecord::SchemaMigration Load (0.1ms)[0m  [1mSELECT "schema_migrations".* FROM "schema_migrations"[0m
  [1m[35mActiveRecord::SchemaMigration Load (0.1ms)[0m  SELECT "schema_migrations".* FROM "schema_migrations"
  [1m[36m (0.1ms)[0m  [1m            SELECT sql
            FROM sqlite_master
            WHERE name='index_users_on_reset_password_token' AND type='index'
            UNION ALL
            SELECT sql
            FROM sqlite_temp_master
            WHERE name='index_users_on_reset_password_token' AND type='index'
[0m
  [1m[35m (0.1ms)[0m              SELECT sql
            FROM sqlite_master
            WHERE name='index_users_on_email' AND type='index'
            UNION ALL
            SELECT sql
            FROM sqlite_temp_master
            WHERE name='index_users_on_email' AND type='index'

  [1m[36m (0.3ms)[0m  [1mbegin transaction[0m
  [1m[35m (0.1ms)[0m  rollback transaction
  [1m[36m (0.1ms)[0m  [1mbegin transaction[0m
  [1m[35mUser Exists (0.2ms)[0m  SELECT  1 AS one FROM "users" WHERE "users"."email" = 'test@aol.com' LIMIT 1
  [1m[36mSQL (0.4ms)[0m  [1mINSERT INTO "users" ("username", "email", "encrypted_password", "created_at", "updated_at") VALUES (?, ?, ?, ?, ?)[0m  [["username", "test"], ["email", "test@aol.com"], ["encrypted_password", "$2a$11$FP8flq/NfWRTTEWBsyHSde0ZkuTO7e14zMpkYGmrwnKCEq0F5x/Bm"], ["created_at", "2016-08-23 03:06:53.198715"], ["updated_at", "2016-08-23 03:06:53.198715"]]
  [1m[35m (12.1ms)[0m  commit transaction
  [1m[36m (0.1ms)[0m  [1mbegin transaction[0m
  [1m[35mSQL (0.4ms)[0m  INSERT INTO "events" ("name", "created_at", "updated_at") VALUES (?, ?, ?)  [["name", "dance"], ["created_at", "2016-08-23 03:07:24.670408"], ["updated_at", "2016-08-23 03:07:24.670408"]]
  [1m[36m (10.0ms)[0m  [1mcommit transaction[0m
  [1m[35m (0.1ms)[0m  begin transaction
  [1m[36mSQL (0.3ms)[0m  [1mINSERT INTO "events" ("name", "created_at", "updated_at") VALUES (?, ?, ?)[0m  [["name", "jump"], ["created_at", "2016-08-23 03:07:35.471200"], ["updated_at", "2016-08-23 03:07:35.471200"]]
  [1m[35m (10.4ms)[0m  commit transaction
  [1m[36mEvent Load (0.3ms)[0m  [1mSELECT  "events".* FROM "events" WHERE "events"."name" = ? LIMIT 1[0m  [["name", "jump"]]
  [1m[35mEvent Load (0.4ms)[0m  SELECT "events".* FROM "events"
  [1m[36mEvent Load (0.2ms)[0m  [1mSELECT  "events".* FROM "events" WHERE "events"."name" = ? LIMIT 1[0m  [["name", "jump"]]
  [1m[36mEvent Load (0.2ms)[0m  [1mSELECT "events".* FROM "events"[0m
  [1m[35mEvent Load (0.2ms)[0m  SELECT  "events".* FROM "events" WHERE "events"."name" = ? LIMIT 1  [["name", "jump"]]
  [1m[36mEvent Load (0.2ms)[0m  [1mSELECT  "events".* FROM "events" WHERE "events"."name" = ? LIMIT 1[0m  [["name", "jump"]]
  [1m[35mEvent Load (0.3ms)[0m  SELECT  "events".* FROM "events" WHERE "events"."id" = ? LIMIT 1  [["id", 1]]
  [1m[36m (0.2ms)[0m  [1mbegin transaction[0m
  [1m[35mUser Exists (0.2ms)[0m  SELECT  1 AS one FROM "users" WHERE "users"."email" = 'test@aol.com' LIMIT 1
  [1m[36m (0.1ms)[0m  [1mrollback transaction[0m
  [1m[35m (0.1ms)[0m  begin transaction
  [1m[36mUser Exists (0.1ms)[0m  [1mSELECT  1 AS one FROM "users" WHERE "users"."email" = 'lol@aol.com' LIMIT 1[0m
  [1m[35mSQL (0.7ms)[0m  INSERT INTO "users" ("username", "email", "encrypted_password", "created_at", "updated_at") VALUES (?, ?, ?, ?, ?)  [["username", "test"], ["email", "lol@aol.com"], ["encrypted_password", "$2a$11$nYqgCyzDRssNTMjG1CyTI.PcjzwnGa04psOkFxm0v/DvCbUTohXxa"], ["created_at", "2016-08-23 03:19:45.851797"], ["updated_at", "2016-08-23 03:19:45.851797"]]
  [1m[36m (11.5ms)[0m  [1mcommit transaction[0m
  [1m[35mUser Load (0.2ms)[0m  SELECT "users".* FROM "users" INNER JOIN "comments" ON "users"."id" = "comments"."user_id" WHERE "comments"."event_id" = ?  [["event_id", 1]]
  [1m[36mEvent Load (0.3ms)[0m  [1mSELECT "events".* FROM "events"[0m
  [1m[35m (0.1ms)[0m  begin transaction
  [1m[36mSQL (0.9ms)[0m  [1mINSERT INTO "comments" ("user_id", "event_id", "created_at", "updated_at") VALUES (?, ?, ?, ?)[0m  [["user_id", 2], ["event_id", 1], ["created_at", "2016-08-23 03:23:41.758501"], ["updated_at", "2016-08-23 03:23:41.758501"]]
  [1m[35m (7.9ms)[0m  commit transaction
  [1m[36m (0.1ms)[0m  [1mbegin transaction[0m
  [1m[35mSQL (0.3ms)[0m  INSERT INTO "comments" ("content", "created_at", "updated_at") VALUES (?, ?, ?)  [["content", "blah blah"], ["created_at", "2016-08-23 03:24:52.010464"], ["updated_at", "2016-08-23 03:24:52.010464"]]
  [1m[36m (11.1ms)[0m  [1mcommit transaction[0m
  [1m[35m (0.1ms)[0m  begin transaction
  [1m[36m (0.2ms)[0m  [1mcommit transaction[0m
  [1m[35mEvent Load (0.2ms)[0m  SELECT "events".* FROM "events"
  [1m[36m (0.1ms)[0m  [1mbegin transaction[0m
  [1m[35mSQL (0.3ms)[0m  INSERT INTO "comments" ("content", "created_at", "updated_at") VALUES (?, ?, ?)  [["content", "blaaaah"], ["created_at", "2016-08-23 03:33:06.330176"], ["updated_at", "2016-08-23 03:33:06.330176"]]
  [1m[36m (12.9ms)[0m  [1mcommit transaction[0m
  [1m[35mComment Load (0.3ms)[0m  SELECT "comments".* FROM "comments"
  [1m[36mComment Load (0.2ms)[0m  [1mSELECT  "comments".* FROM "comments" WHERE "comments"."id" = ? LIMIT 1[0m  [["id", 3]]
  [1m[35m (0.1ms)[0m  begin transaction
  [1m[36mSQL (0.4ms)[0m  [1mUPDATE "comments" SET "user_id" = ?, "updated_at" = ? WHERE "comments"."id" = ?[0m  [["user_id", 2], ["updated_at", "2016-08-23 03:33:45.888811"], ["id", 3]]
  [1m[35m (11.2ms)[0m  commit transaction
  [1m[36mComment Load (0.2ms)[0m  [1mSELECT "comments".* FROM "comments" WHERE "comments"."user_id" = ?[0m  [["user_id", 2]]
  [1m[35mComment Load (0.1ms)[0m  SELECT  "comments".* FROM "comments" WHERE "comments"."id" = ? LIMIT 1  [["id", 3]]
  [1m[36m (0.1ms)[0m  [1mbegin transaction[0m
  [1m[35mSQL (0.3ms)[0m  UPDATE "comments" SET "event_id" = ?, "updated_at" = ? WHERE "comments"."id" = ?  [["event_id", 1], ["updated_at", "2016-08-23 03:34:48.341529"], ["id", 3]]
  [1m[36m (14.6ms)[0m  [1mcommit transaction[0m
  [1m[35mComment Load (0.3ms)[0m  SELECT "comments".* FROM "comments" WHERE "comments"."event_id" = ?  [["event_id", 1]]
  [1m[36mEvent Load (0.3ms)[0m  [1mSELECT "events".* FROM "events"[0m
  [1m[35mEvent Load (0.2ms)[0m  SELECT "events".* FROM "events"
  [1m[36mUser Load (0.2ms)[0m  [1mSELECT "users".* FROM "users"[0m
  [1m[35m (0.1ms)[0m  begin transaction
  [1m[36mSQL (0.6ms)[0m  [1mINSERT INTO "events" ("name", "created_at", "updated_at") VALUES (?, ?, ?)[0m  [["name", "dancing"], ["created_at", "2016-08-23 03:41:32.116462"], ["updated_at", "2016-08-23 03:41:32.116462"]]
  [1m[35m (7.6ms)[0m  commit transaction
  [1m[36mUser Load (0.2ms)[0m  [1mSELECT  "users".* FROM "users" WHERE "users"."id" = ? LIMIT 1[0m  [["id", 1]]
  [1m[35mUser Load (0.1ms)[0m  SELECT  "users".* FROM "users" WHERE "users"."id" = ? LIMIT 1  [["id", 1]]
  [1m[36mEvent Load (0.3ms)[0m  [1mSELECT "events".* FROM "events" INNER JOIN "comments" ON "events"."id" = "comments"."event_id" WHERE "comments"."user_id" = ?[0m  [["user_id", 1]]
  [1m[35m (0.1ms)[0m  begin transaction
  [1m[36m (0.1ms)[0m  [1mcommit transaction[0m
  [1m[35m (0.1ms)[0m  begin transaction
  [1m[36mSQL (0.5ms)[0m  [1mUPDATE "events" SET "user_id" = ?, "updated_at" = ? WHERE "events"."id" = ?[0m  [["user_id", 1], ["updated_at", "2016-08-23 03:42:40.106839"], ["id", 3]]
  [1m[35m (11.6ms)[0m  commit transaction
  [1m[36mComment Load (0.2ms)[0m  [1mSELECT  "comments".* FROM "comments" WHERE "comments"."id" = ? LIMIT 1[0m  [["id", 1]]
  [1m[35mComment Load (0.1ms)[0m  SELECT  "comments".* FROM "comments" WHERE "comments"."id" = ? LIMIT 1  [["id", 1]]
  [1m[36mComment Load (0.2ms)[0m  [1mSELECT "comments".* FROM "comments"[0m
  [1m[35m (0.2ms)[0m  SELECT "comments"."id" FROM "comments" WHERE "comments"."event_id" = ?  [["event_id", 1]]
  [1m[36mComment Load (0.3ms)[0m  [1mSELECT "comments".* FROM "comments"[0m
  [1m[35mUser Load (0.1ms)[0m  SELECT  "users".* FROM "users" WHERE "users"."id" = ? LIMIT 1  [["id", 2]]
  [1m[36mEvent Load (0.1ms)[0m  [1mSELECT "events".* FROM "events" INNER JOIN "comments" ON "events"."id" = "comments"."event_id" WHERE "comments"."user_id" = ?[0m  [["user_id", 2]]
  [1m[36m (11.9ms)[0m  [1mCREATE TABLE "comments" ("id" INTEGER PRIMARY KEY AUTOINCREMENT NOT NULL, "content" text, "user_id" integer, "event_id" integer, "created_at" datetime NOT NULL, "updated_at" datetime NOT NULL) [0m
  [1m[35m (13.7ms)[0m  CREATE TABLE "events" ("id" INTEGER PRIMARY KEY AUTOINCREMENT NOT NULL, "name" varchar, "description" text, "user_id" integer, "created_at" datetime NOT NULL, "updated_at" datetime NOT NULL) 
  [1m[36m (11.4ms)[0m  [1mCREATE TABLE "fields" ("id" INTEGER PRIMARY KEY AUTOINCREMENT NOT NULL, "name" varchar, "address" varchar, "city" varchar, "state" varchar, "created_at" datetime NOT NULL, "updated_at" datetime NOT NULL) [0m
  [1m[35m (13.6ms)[0m  CREATE TABLE "users" ("id" INTEGER PRIMARY KEY AUTOINCREMENT NOT NULL, "email" varchar DEFAULT '' NOT NULL, "encrypted_password" varchar DEFAULT '' NOT NULL, "reset_password_token" varchar, "reset_password_sent_at" datetime, "remember_created_at" datetime, "sign_in_count" integer DEFAULT 0 NOT NULL, "current_sign_in_at" datetime, "last_sign_in_at" datetime, "current_sign_in_ip" varchar, "last_sign_in_ip" varchar, "created_at" datetime NOT NULL, "updated_at" datetime NOT NULL, "first_name" varchar, "last_name" varchar, "username" varchar, "provider" varchar, "uid" varchar) 
  [1m[36m (0.1ms)[0m  [1mselect sqlite_version(*)[0m
  [1m[35m (16.3ms)[0m  CREATE UNIQUE INDEX "index_users_on_email" ON "users" ("email")
  [1m[36m (0.2ms)[0m  [1m            SELECT sql
            FROM sqlite_master
            WHERE name='index_users_on_email' AND type='index'
            UNION ALL
            SELECT sql
            FROM sqlite_temp_master
            WHERE name='index_users_on_email' AND type='index'
[0m
  [1m[35m (9.5ms)[0m  CREATE UNIQUE INDEX "index_users_on_reset_password_token" ON "users" ("reset_password_token")
  [1m[36m (10.4ms)[0m  [1mCREATE TABLE "schema_migrations" ("version" varchar NOT NULL) [0m
  [1m[35m (14.8ms)[0m  CREATE UNIQUE INDEX "unique_schema_migrations" ON "schema_migrations" ("version")
  [1m[36m (0.1ms)[0m  [1mSELECT version FROM "schema_migrations"[0m
  [1m[35m (8.4ms)[0m  INSERT INTO "schema_migrations" (version) VALUES ('20160823022637')
  [1m[36m (6.9ms)[0m  [1mINSERT INTO "schema_migrations" (version) VALUES ('20160823014742')[0m
  [1m[35m (12.4ms)[0m  INSERT INTO "schema_migrations" (version) VALUES ('20160823015114')
  [1m[36m (9.2ms)[0m  [1mINSERT INTO "schema_migrations" (version) VALUES ('20160823014203')[0m
  [1m[35m (6.6ms)[0m  INSERT INTO "schema_migrations" (version) VALUES ('20160823015648')
  [1m[36m (10.2ms)[0m  [1mCREATE TABLE "comments" ("id" INTEGER PRIMARY KEY AUTOINCREMENT NOT NULL, "content" text, "user_id" integer, "event_id" integer, "created_at" datetime NOT NULL, "updated_at" datetime NOT NULL) [0m
  [1m[35m (14.1ms)[0m  CREATE TABLE "events" ("id" INTEGER PRIMARY KEY AUTOINCREMENT NOT NULL, "name" varchar, "description" text, "user_id" integer, "created_at" datetime NOT NULL, "updated_at" datetime NOT NULL) 
  [1m[36m (11.7ms)[0m  [1mCREATE TABLE "fields" ("id" INTEGER PRIMARY KEY AUTOINCREMENT NOT NULL, "name" varchar, "address" varchar, "city" varchar, "state" varchar, "created_at" datetime NOT NULL, "updated_at" datetime NOT NULL) [0m
  [1m[35m (10.3ms)[0m  CREATE TABLE "users" ("id" INTEGER PRIMARY KEY AUTOINCREMENT NOT NULL, "email" varchar DEFAULT '' NOT NULL, "encrypted_password" varchar DEFAULT '' NOT NULL, "reset_password_token" varchar, "reset_password_sent_at" datetime, "remember_created_at" datetime, "sign_in_count" integer DEFAULT 0 NOT NULL, "current_sign_in_at" datetime, "last_sign_in_at" datetime, "current_sign_in_ip" varchar, "last_sign_in_ip" varchar, "created_at" datetime NOT NULL, "updated_at" datetime NOT NULL, "first_name" varchar, "last_name" varchar, "username" varchar, "provider" varchar, "uid" varchar) 
  [1m[36m (0.1ms)[0m  [1mselect sqlite_version(*)[0m
  [1m[35m (13.3ms)[0m  CREATE UNIQUE INDEX "index_users_on_email" ON "users" ("email")
  [1m[36m (0.2ms)[0m  [1m            SELECT sql
            FROM sqlite_master
            WHERE name='index_users_on_email' AND type='index'
            UNION ALL
            SELECT sql
            FROM sqlite_temp_master
            WHERE name='index_users_on_email' AND type='index'
[0m
  [1m[35m (12.4ms)[0m  CREATE UNIQUE INDEX "index_users_on_reset_password_token" ON "users" ("reset_password_token")
  [1m[36m (9.0ms)[0m  [1mCREATE TABLE "schema_migrations" ("version" varchar NOT NULL) [0m
  [1m[35m (15.4ms)[0m  CREATE UNIQUE INDEX "unique_schema_migrations" ON "schema_migrations" ("version")
  [1m[36m (0.2ms)[0m  [1mSELECT version FROM "schema_migrations"[0m
  [1m[35m (8.4ms)[0m  INSERT INTO "schema_migrations" (version) VALUES ('20160823022637')
  [1m[36m (12.0ms)[0m  [1mINSERT INTO "schema_migrations" (version) VALUES ('20160823014742')[0m
  [1m[35m (9.0ms)[0m  INSERT INTO "schema_migrations" (version) VALUES ('20160823015114')
  [1m[36m (8.0ms)[0m  [1mINSERT INTO "schema_migrations" (version) VALUES ('20160823014203')[0m
  [1m[35m (9.8ms)[0m  INSERT INTO "schema_migrations" (version) VALUES ('20160823015648')
  [1m[36mActiveRecord::SchemaMigration Load (0.1ms)[0m  [1mSELECT "schema_migrations".* FROM "schema_migrations"[0m
  [1m[36mEvent Load (1.7ms)[0m  [1mSELECT "events".* FROM "events"[0m
  [1m[35mUser Load (0.2ms)[0m  SELECT "users".* FROM "users"
  [1m[36m (0.1ms)[0m  [1mbegin transaction[0m
  [1m[35mUser Exists (0.2ms)[0m  SELECT  1 AS one FROM "users" WHERE "users"."email" = 'test@aol.com' LIMIT 1
  [1m[36mSQL (0.4ms)[0m  [1mINSERT INTO "users" ("username", "email", "encrypted_password", "created_at", "updated_at") VALUES (?, ?, ?, ?, ?)[0m  [["username", "test"], ["email", "test@aol.com"], ["encrypted_password", "$2a$11$uameWQe4suCIQpaV8BMIveCn39qC/tzaCWn4ALtk/fhkzMBM8fZdy"], ["created_at", "2016-08-23 04:04:32.358023"], ["updated_at", "2016-08-23 04:04:32.358023"]]
  [1m[35m (8.6ms)[0m  commit transaction
  [1m[36m (0.1ms)[0m  [1mbegin transaction[0m
  [1m[35mSQL (0.3ms)[0m  INSERT INTO "events" ("name", "created_at", "updated_at") VALUES (?, ?, ?)  [["name", "dancing"], ["created_at", "2016-08-23 04:04:54.532444"], ["updated_at", "2016-08-23 04:04:54.532444"]]
  [1m[36m (9.8ms)[0m  [1mcommit transaction[0m
  [1m[35mEvent Load (0.2ms)[0m  SELECT "events".* FROM "events" INNER JOIN "comments" ON "events"."id" = "comments"."event_id" WHERE "comments"."user_id" = ?  [["user_id", 1]]
  [1m[36m (0.1ms)[0m  [1mbegin transaction[0m
  [1m[35mSQL (0.4ms)[0m  INSERT INTO "comments" ("user_id", "event_id", "created_at", "updated_at") VALUES (?, ?, ?, ?)  [["user_id", 1], ["event_id", 1], ["created_at", "2016-08-23 04:05:11.476748"], ["updated_at", "2016-08-23 04:05:11.476748"]]
  [1m[36m (11.4ms)[0m  [1mcommit transaction[0m
  [1m[35m (0.1ms)[0m  begin transaction
  [1m[36m (0.1ms)[0m  [1mcommit transaction[0m
  [1m[35mUser Load (0.3ms)[0m  SELECT "users".* FROM "users" INNER JOIN "comments" ON "users"."id" = "comments"."user_id" WHERE "comments"."event_id" = ?  [["event_id", 1]]
  [1m[36m (0.1ms)[0m  [1mbegin transaction[0m
  [1m[35mSQL (0.3ms)[0m  INSERT INTO "comments" ("content", "created_at", "updated_at") VALUES (?, ?, ?)  [["content", "blahblah"], ["created_at", "2016-08-23 04:06:01.390126"], ["updated_at", "2016-08-23 04:06:01.390126"]]
  [1m[36m (12.4ms)[0m  [1mcommit transaction[0m
  [1m[35mComment Load (0.2ms)[0m  SELECT "comments".* FROM "comments"
  [1m[36mComment Load (0.2ms)[0m  [1mSELECT "comments".* FROM "comments" WHERE "comments"."event_id" = ?[0m  [["event_id", 1]]
  [1m[35m (0.1ms)[0m  begin transaction
  [1m[36mSQL (0.4ms)[0m  [1mUPDATE "comments" SET "event_id" = ?, "updated_at" = ? WHERE "comments"."id" = ?[0m  [["event_id", 1], ["updated_at", "2016-08-23 04:06:56.345393"], ["id", 2]]
  [1m[35m (6.7ms)[0m  commit transaction
  [1m[36m (0.2ms)[0m  [1mbegin transaction[0m
  [1m[35m (0.1ms)[0m  commit transaction
  [1m[36mComment Load (0.5ms)[0m  [1mSELECT  "comments".* FROM "comments" WHERE "comments"."event_id" = ? AND "id"."user_id" = 2 LIMIT 1[0m  [["event_id", 1]]
  [1m[35mComment Load (0.2ms)[0m  SELECT  "comments".* FROM "comments" WHERE "comments"."event_id" = ? AND "comments"."id" = ? LIMIT 1  [["event_id", 1], ["id", 2]]
  [1m[36mComment Load (0.2ms)[0m  [1mSELECT "comments".* FROM "comments" WHERE "comments"."user_id" = ?[0m  [["user_id", 1]]
  [1m[35mComment Load (0.2ms)[0m  SELECT  "comments".* FROM "comments" WHERE "comments"."id" = ? LIMIT 1  [["id", 1]]
  [1m[36mComment Load (0.2ms)[0m  [1mSELECT  "comments".* FROM "comments" WHERE "comments"."user_id" = ? AND "comments"."id" = ? LIMIT 1[0m  [["user_id", 1], ["id", 1]]
  [1m[35mUser Load (0.2ms)[0m  SELECT "users".* FROM "users"
  [1m[36mComment Load (0.1ms)[0m  [1mSELECT  "comments".* FROM "comments" WHERE "comments"."id" = ? LIMIT 1[0m  [["id", 1]]
  [1m[35m (0.1ms)[0m  begin transaction
  [1m[36mSQL (0.3ms)[0m  [1mUPDATE "comments" SET "content" = ?, "updated_at" = ? WHERE "comments"."id" = ?[0m  [["content", "testing"], ["updated_at", "2016-08-23 04:11:50.401865"], ["id", 1]]
  [1m[35m (9.4ms)[0m  commit transaction
  [1m[36m (0.1ms)[0m  [1mbegin transaction[0m
  [1m[35m (0.1ms)[0m  commit transaction
  [1m[36mComment Load (0.2ms)[0m  [1mSELECT "comments".* FROM "comments"[0m
  [1m[35mUser Load (0.2ms)[0m  SELECT "users".* FROM "users"
  [1m[36m (0.1ms)[0m  [1mbegin transaction[0m
  [1m[35mSQL (0.4ms)[0m  UPDATE "comments" SET "user_id" = ?, "updated_at" = ? WHERE "comments"."id" = ?  [["user_id", 1], ["updated_at", "2016-08-23 04:13:49.881242"], ["id", 2]]
  [1m[36m (7.1ms)[0m  [1mcommit transaction[0m
  [1m[35m (0.1ms)[0m  begin transaction
  [1m[36m (0.1ms)[0m  [1mcommit transaction[0m
  [1m[36m (11.3ms)[0m  [1mCREATE TABLE "comments" ("id" INTEGER PRIMARY KEY AUTOINCREMENT NOT NULL, "content" text, "user_id" integer, "event_id" integer, "created_at" datetime NOT NULL, "updated_at" datetime NOT NULL) [0m
  [1m[35m (8.6ms)[0m  CREATE TABLE "events" ("id" INTEGER PRIMARY KEY AUTOINCREMENT NOT NULL, "name" varchar, "description" text, "user_id" integer, "created_at" datetime NOT NULL, "updated_at" datetime NOT NULL) 
  [1m[36m (12.0ms)[0m  [1mCREATE TABLE "fields" ("id" INTEGER PRIMARY KEY AUTOINCREMENT NOT NULL, "name" varchar, "address" varchar, "city" varchar, "state" varchar, "created_at" datetime NOT NULL, "updated_at" datetime NOT NULL) [0m
  [1m[35m (9.4ms)[0m  CREATE TABLE "users" ("id" INTEGER PRIMARY KEY AUTOINCREMENT NOT NULL, "email" varchar DEFAULT '' NOT NULL, "encrypted_password" varchar DEFAULT '' NOT NULL, "reset_password_token" varchar, "reset_password_sent_at" datetime, "remember_created_at" datetime, "sign_in_count" integer DEFAULT 0 NOT NULL, "current_sign_in_at" datetime, "last_sign_in_at" datetime, "current_sign_in_ip" varchar, "last_sign_in_ip" varchar, "created_at" datetime NOT NULL, "updated_at" datetime NOT NULL, "first_name" varchar, "last_name" varchar, "username" varchar, "provider" varchar, "uid" varchar) 
  [1m[36m (0.1ms)[0m  [1mselect sqlite_version(*)[0m
  [1m[35m (9.0ms)[0m  CREATE UNIQUE INDEX "index_users_on_email" ON "users" ("email")
  [1m[36m (0.2ms)[0m  [1m            SELECT sql
            FROM sqlite_master
            WHERE name='index_users_on_email' AND type='index'
            UNION ALL
            SELECT sql
            FROM sqlite_temp_master
            WHERE name='index_users_on_email' AND type='index'
[0m
  [1m[35m (8.9ms)[0m  CREATE UNIQUE INDEX "index_users_on_reset_password_token" ON "users" ("reset_password_token")
  [1m[36m (6.6ms)[0m  [1mCREATE TABLE "schema_migrations" ("version" varchar NOT NULL) [0m
  [1m[35m (10.6ms)[0m  CREATE UNIQUE INDEX "unique_schema_migrations" ON "schema_migrations" ("version")
  [1m[36m (0.2ms)[0m  [1mSELECT version FROM "schema_migrations"[0m
  [1m[35m (7.8ms)[0m  INSERT INTO "schema_migrations" (version) VALUES ('20160823022637')
  [1m[36m (5.4ms)[0m  [1mINSERT INTO "schema_migrations" (version) VALUES ('20160823014742')[0m
  [1m[35m (8.2ms)[0m  INSERT INTO "schema_migrations" (version) VALUES ('20160823015114')
  [1m[36m (7.1ms)[0m  [1mINSERT INTO "schema_migrations" (version) VALUES ('20160823014203')[0m
  [1m[35m (4.5ms)[0m  INSERT INTO "schema_migrations" (version) VALUES ('20160823015648')
  [1m[36m (6.8ms)[0m  [1mCREATE TABLE "comments" ("id" INTEGER PRIMARY KEY AUTOINCREMENT NOT NULL, "content" text, "user_id" integer, "event_id" integer, "created_at" datetime NOT NULL, "updated_at" datetime NOT NULL) [0m
  [1m[35m (11.7ms)[0m  CREATE TABLE "events" ("id" INTEGER PRIMARY KEY AUTOINCREMENT NOT NULL, "name" varchar, "description" text, "user_id" integer, "created_at" datetime NOT NULL, "updated_at" datetime NOT NULL) 
  [1m[36m (9.3ms)[0m  [1mCREATE TABLE "fields" ("id" INTEGER PRIMARY KEY AUTOINCREMENT NOT NULL, "name" varchar, "address" varchar, "city" varchar, "state" varchar, "created_at" datetime NOT NULL, "updated_at" datetime NOT NULL) [0m
  [1m[35m (13.1ms)[0m  CREATE TABLE "users" ("id" INTEGER PRIMARY KEY AUTOINCREMENT NOT NULL, "email" varchar DEFAULT '' NOT NULL, "encrypted_password" varchar DEFAULT '' NOT NULL, "reset_password_token" varchar, "reset_password_sent_at" datetime, "remember_created_at" datetime, "sign_in_count" integer DEFAULT 0 NOT NULL, "current_sign_in_at" datetime, "last_sign_in_at" datetime, "current_sign_in_ip" varchar, "last_sign_in_ip" varchar, "created_at" datetime NOT NULL, "updated_at" datetime NOT NULL, "first_name" varchar, "last_name" varchar, "username" varchar, "provider" varchar, "uid" varchar) 
  [1m[36m (0.1ms)[0m  [1mselect sqlite_version(*)[0m
  [1m[35m (7.8ms)[0m  CREATE UNIQUE INDEX "index_users_on_email" ON "users" ("email")
  [1m[36m (0.2ms)[0m  [1m            SELECT sql
            FROM sqlite_master
            WHERE name='index_users_on_email' AND type='index'
            UNION ALL
            SELECT sql
            FROM sqlite_temp_master
            WHERE name='index_users_on_email' AND type='index'
[0m
  [1m[35m (12.1ms)[0m  CREATE UNIQUE INDEX "index_users_on_reset_password_token" ON "users" ("reset_password_token")
  [1m[36m (7.7ms)[0m  [1mCREATE TABLE "schema_migrations" ("version" varchar NOT NULL) [0m
  [1m[35m (7.1ms)[0m  CREATE UNIQUE INDEX "unique_schema_migrations" ON "schema_migrations" ("version")
  [1m[36m (0.2ms)[0m  [1mSELECT version FROM "schema_migrations"[0m
  [1m[35m (8.3ms)[0m  INSERT INTO "schema_migrations" (version) VALUES ('20160823022637')
  [1m[36m (9.3ms)[0m  [1mINSERT INTO "schema_migrations" (version) VALUES ('20160823014742')[0m
  [1m[35m (9.5ms)[0m  INSERT INTO "schema_migrations" (version) VALUES ('20160823015114')
  [1m[36m (4.9ms)[0m  [1mINSERT INTO "schema_migrations" (version) VALUES ('20160823014203')[0m
  [1m[35m (8.5ms)[0m  INSERT INTO "schema_migrations" (version) VALUES ('20160823015648')
  [1m[36mActiveRecord::SchemaMigration Load (0.1ms)[0m  [1mSELECT "schema_migrations".* FROM "schema_migrations"[0m
